2025-08-21 09:49:52,538 - cAIber - INFO - Initializing Autonomous Correlation Agent
2025-08-21 09:49:52,655 - cAIber - INFO - Neo4j connectivity verified!
2025-08-21 09:49:52,693 - cAIber - INFO - Starting autonomous threat correlation
2025-08-21 09:49:52,693 - cAIber - INFO - Assessing indicator: SharePoint Vulnerabilities (CVE-2025-53770 & CVE-2025-53771): Everything You Need to Know
2025-08-21 09:49:56,294 - cAIber - INFO - Assessing indicator: SharePoint Vulnerabilities (CVE-2025-53770 & CVE-2025-53771): Everything You Need to Know
2025-08-21 09:49:59,431 - cAIber - INFO - Assessing indicator: SharePoint Vulnerabilities (CVE-2025-53770 & CVE-2025-53771): Everything You Need to Know
2025-08-21 09:50:02,720 - cAIber - INFO - Assessing indicator: SharePoint Vulnerabilities (CVE-2025-53770 & CVE-2025-53771): Everything You Need to Know
2025-08-21 09:50:06,131 - cAIber - INFO - Assessing indicator: SharePoint Vulnerabilities (CVE-2025-53770 & CVE-2025-53771): Everything You Need to Know
2025-08-21 09:50:09,306 - cAIber - INFO - Completed autonomous assessment: 0 risks identified
2025-08-21 09:53:59,838 - cAIber - INFO - Initializing Autonomous Correlation Agent
2025-08-21 09:53:59,985 - cAIber - INFO - Neo4j connectivity verified!
2025-08-21 09:54:00,027 - cAIber - INFO - Starting autonomous threat correlation
2025-08-21 09:54:00,027 - cAIber - INFO - Assessing indicator: SharePoint Vulnerabilities (CVE-2025-53770 & CVE-2025-53771): Everything You Need to Know
2025-08-21 09:54:03,102 - cAIber - INFO - Assessing indicator: SharePoint Vulnerabilities (CVE-2025-53770 & CVE-2025-53771): Everything You Need to Know
2025-08-21 09:54:06,752 - cAIber - INFO - Assessing indicator: SharePoint Vulnerabilities (CVE-2025-53770 & CVE-2025-53771): Everything You Need to Know
2025-08-21 09:54:10,222 - cAIber - INFO - Assessing indicator: SharePoint Vulnerabilities (CVE-2025-53770 & CVE-2025-53771): Everything You Need to Know
2025-08-21 09:54:16,067 - cAIber - INFO - Assessing indicator: SharePoint Vulnerabilities (CVE-2025-53770 & CVE-2025-53771): Everything You Need to Know
2025-08-21 09:54:19,970 - cAIber - INFO - Completed autonomous assessment: 0 risks identified
2025-08-21 10:07:15,280 - cAIber - INFO - Initializing Autonomous Correlation Agent
2025-08-21 10:07:15,427 - cAIber - INFO - Neo4j connectivity verified!
2025-08-21 10:07:15,469 - cAIber - INFO - Starting autonomous threat correlation
2025-08-21 10:07:15,470 - cAIber - INFO - Assessing indicator: SharePoint Vulnerabilities (CVE-2025-53770 & CVE-2025-53771): Everything You Need to Know
2025-08-21 10:07:19,235 - cAIber - INFO - Assessing indicator: SharePoint Vulnerabilities (CVE-2025-53770 & CVE-2025-53771): Everything You Need to Know
2025-08-21 10:07:22,710 - cAIber - INFO - Assessing indicator: SharePoint Vulnerabilities (CVE-2025-53770 & CVE-2025-53771): Everything You Need to Know
2025-08-21 10:07:25,905 - cAIber - INFO - Assessing indicator: SharePoint Vulnerabilities (CVE-2025-53770 & CVE-2025-53771): Everything You Need to Know
2025-08-21 10:07:29,180 - cAIber - INFO - Assessing indicator: SharePoint Vulnerabilities (CVE-2025-53770 & CVE-2025-53771): Everything You Need to Know
2025-08-21 10:07:34,453 - cAIber - INFO - Completed autonomous assessment: 0 risks identified
2025-08-21 11:41:58,345 - cAIber - INFO - Initializing Autonomous Correlation Agent
2025-08-21 11:41:58,481 - cAIber - INFO - Neo4j connectivity verified!
2025-08-21 11:41:58,516 - cAIber - INFO - Starting autonomous threat correlation
2025-08-21 11:41:58,516 - cAIber - INFO - Assessing indicator: SharePoint Vulnerabilities (CVE-2025-53770 & CVE-2025-53771): Everything You Need to Know
2025-08-21 11:42:02,206 - cAIber - INFO - Assessing indicator: SharePoint Vulnerabilities (CVE-2025-53770 & CVE-2025-53771): Everything You Need to Know
2025-08-21 11:42:05,990 - cAIber - INFO - Assessing indicator: SharePoint Vulnerabilities (CVE-2025-53770 & CVE-2025-53771): Everything You Need to Know
2025-08-21 11:42:09,304 - cAIber - INFO - Assessing indicator: SharePoint Vulnerabilities (CVE-2025-53770 & CVE-2025-53771): Everything You Need to Know
2025-08-21 11:42:12,481 - cAIber - INFO - Assessing indicator: SharePoint Vulnerabilities (CVE-2025-53770 & CVE-2025-53771): Everything You Need to Know
2025-08-21 11:42:15,756 - cAIber - INFO - Completed autonomous assessment: 0 risks identified
2025-08-21 11:49:08,667 - cAIber - INFO - Initializing Autonomous Correlation Agent
2025-08-21 11:49:08,779 - cAIber - INFO - Neo4j connectivity verified!
2025-08-21 11:49:08,810 - cAIber - INFO - Starting autonomous threat correlation
2025-08-21 11:49:08,811 - cAIber - INFO - Assessing indicator: SharePoint Vulnerabilities (CVE-2025-53770 & CVE-2025-53771): Everything You Need to Know
2025-08-21 11:49:14,697 - cAIber - INFO - Assessing indicator: SharePoint Vulnerabilities (CVE-2025-53770 & CVE-2025-53771): Everything You Need to Know
2025-08-21 11:49:18,482 - cAIber - INFO - Assessing indicator: SharePoint Vulnerabilities (CVE-2025-53770 & CVE-2025-53771): Everything You Need to Know
2025-08-21 11:49:21,895 - cAIber - INFO - Assessing indicator: SharePoint Vulnerabilities (CVE-2025-53770 & CVE-2025-53771): Everything You Need to Know
2025-08-21 11:49:24,850 - cAIber - INFO - Assessing indicator: SharePoint Vulnerabilities (CVE-2025-53770 & CVE-2025-53771): Everything You Need to Know
2025-08-21 11:49:28,742 - cAIber - INFO - Completed autonomous assessment: 0 risks identified
