2025-08-20 00:16:09,008 - cAIber - INFO - Initializing Correlation Agent
2025-08-20 00:16:09,519 - cAIber - INFO - Starting threat correlation analysis
2025-08-20 00:16:09,740 - cAIber - INFO - Correlating 58 vulnerabilities
2025-08-20 00:16:43,075 - cAIber - INFO - Correlating 16178 threat indicators
2025-08-20 00:17:17,695 - cAIber - INFO - Generated 0 risk assessments
2025-08-20 00:23:00,650 - cAIber - INFO - Initializing Autonomous Correlation Agent
2025-08-20 00:23:01,074 - cAIber - INFO - Connected to Neo4j
2025-08-20 00:23:01,142 - cAIber - INFO - Starting autonomous threat correlation
2025-08-20 00:23:01,143 - cAIber - INFO - Assessing vulnerability: CVE-2007-0671
2025-08-20 00:23:05,721 - cAIber - INFO - Assessing vulnerability: CVE-2013-3893
2025-08-20 00:23:14,956 - cAIber - INFO - Assessing vulnerability: CVE-2014-9188
2025-08-20 00:23:21,029 - cAIber - INFO - Assessing vulnerability: CVE-2015-0740
2025-08-20 00:23:27,691 - cAIber - INFO - Assessing vulnerability: CVE-2015-4274
2025-08-20 00:23:34,037 - cAIber - INFO - Assessing indicator: MaaS operation using Emmenhtal and Amadey linked to threats against Ukrainian entities
2025-08-20 00:23:42,907 - cAIber - INFO - Assessing indicator: MaaS operation using Emmenhtal and Amadey linked to threats against Ukrainian entities
2025-08-20 00:23:47,642 - cAIber - INFO - Assessing indicator: MaaS operation using Emmenhtal and Amadey linked to threats against Ukrainian entities
2025-08-20 00:23:57,262 - cAIber - INFO - Assessing indicator: MaaS operation using Emmenhtal and Amadey linked to threats against Ukrainian entities
2025-08-20 00:24:02,611 - cAIber - INFO - Assessing indicator: MaaS operation using Emmenhtal and Amadey linked to threats against Ukrainian entities
2025-08-20 00:24:07,445 - cAIber - INFO - Completed autonomous assessment: 0 risks identified
2025-08-20 18:19:12,757 - cAIber - INFO - Initializing Autonomous Correlation Agent
2025-08-20 18:19:12,929 - cAIber - INFO - Connected to Neo4j
2025-08-20 18:19:12,994 - cAIber - INFO - Starting autonomous threat correlation
2025-08-20 18:19:12,995 - cAIber - INFO - Assessing vulnerability: GHSA-pr72-8fxw-xx22
2025-08-20 18:19:18,477 - cAIber - INFO - Assessing vulnerability: GHSA-8gwm-58g9-j8pw
2025-08-20 18:19:21,490 - cAIber - INFO - Assessing vulnerability: GHSA-mgh9-4mwp-fg55
2025-08-20 18:19:25,514 - cAIber - INFO - Assessing vulnerability: GHSA-fcpm-6mxq-m5vv
2025-08-20 18:19:29,217 - cAIber - INFO - Assessing vulnerability: GHSA-wm7x-ww72-r77q
2025-08-20 18:19:32,671 - cAIber - INFO - Assessing indicator: Gh0st RAT-based GodRAT attacks financial organizations
2025-08-20 18:19:36,213 - cAIber - INFO - Assessing indicator: Gh0st RAT-based GodRAT attacks financial organizations
2025-08-20 18:19:40,551 - cAIber - INFO - Assessing indicator: Gh0st RAT-based GodRAT attacks financial organizations
2025-08-20 18:19:44,370 - cAIber - INFO - Assessing indicator: Gh0st RAT-based GodRAT attacks financial organizations
2025-08-20 18:19:48,369 - cAIber - INFO - Assessing indicator: Gh0st RAT-based GodRAT attacks financial organizations
2025-08-20 18:19:51,755 - cAIber - INFO - Completed autonomous assessment: 0 risks identified
2025-08-20 18:31:18,091 - cAIber - INFO - Initializing Autonomous Correlation Agent
2025-08-20 18:31:18,270 - cAIber - INFO - Connected to Neo4j
2025-08-20 18:31:18,336 - cAIber - INFO - Starting autonomous threat correlation
2025-08-20 18:31:18,337 - cAIber - INFO - Assessing vulnerability: GHSA-pr72-8fxw-xx22
2025-08-20 18:31:27,830 - cAIber - INFO - Assessing vulnerability: GHSA-8gwm-58g9-j8pw
2025-08-20 18:31:30,983 - cAIber - INFO - Assessing vulnerability: GHSA-mgh9-4mwp-fg55
2025-08-20 18:31:33,870 - cAIber - INFO - Assessing vulnerability: GHSA-wm7x-ww72-r77q
2025-08-20 18:31:40,577 - cAIber - INFO - Assessing indicator: Gh0st RAT-based GodRAT attacks financial organizations
2025-08-20 18:31:44,441 - cAIber - INFO - Assessing indicator: Gh0st RAT-based GodRAT attacks financial organizations
2025-08-20 18:31:48,304 - cAIber - INFO - Assessing indicator: Gh0st RAT-based GodRAT attacks financial organizations
2025-08-20 18:31:52,064 - cAIber - INFO - Assessing indicator: Gh0st RAT-based GodRAT attacks financial organizations
2025-08-20 18:31:55,493 - cAIber - INFO - Assessing indicator: Gh0st RAT-based GodRAT attacks financial organizations
2025-08-20 18:31:58,132 - cAIber - INFO - Completed autonomous assessment: 0 risks identified
