2025-08-20 22:41:17,488 - cAIber - INFO - Initializing Autonomous Correlation Agent
2025-08-20 22:41:17,510 - cAIber - WARNING - Neo4j not available, using mock data: Unable to retrieve routing information
2025-08-20 22:41:17,523 - cAIber - INFO - Starting autonomous threat correlation
2025-08-20 22:41:17,523 - cAIber - INFO - Assessing indicator: New Wave of SquidLoader Malware Targeting Financial Institutions
2025-08-20 22:41:24,521 - cAIber - INFO - Assessing indicator: New Wave of SquidLoader Malware Targeting Financial Institutions
2025-08-20 22:41:32,011 - cAIber - INFO - Assessing indicator: New Wave of SquidLoader Malware Targeting Financial Institutions
2025-08-20 22:41:39,709 - cAIber - ERROR - Agent failed for New Wave of SquidLoader Malware Targeting Financial Institutions: The server had an error while processing your request. Sorry about that!
2025-08-20 22:41:39,710 - cAIber - INFO - Assessing indicator: New Wave of SquidLoader Malware Targeting Financial Institutions
2025-08-20 22:41:44,504 - cAIber - INFO - Assessing indicator: New Wave of SquidLoader Malware Targeting Financial Institutions
2025-08-20 22:41:50,449 - cAIber - INFO - Completed autonomous assessment: 0 risks identified
2025-08-20 22:56:48,532 - cAIber - INFO - Initializing Autonomous Correlation Agent
2025-08-20 22:56:48,554 - cAIber - WARNING - Neo4j not available, using mock data: Unable to retrieve routing information
2025-08-20 22:56:48,565 - cAIber - INFO - Starting autonomous threat correlation
2025-08-20 22:56:48,565 - cAIber - INFO - Assessing indicator: New Wave of SquidLoader Malware Targeting Financial Institutions
2025-08-20 22:56:53,908 - cAIber - INFO - Assessing indicator: New Wave of SquidLoader Malware Targeting Financial Institutions
2025-08-20 22:57:01,410 - cAIber - INFO - Assessing indicator: New Wave of SquidLoader Malware Targeting Financial Institutions
2025-08-20 22:57:06,318 - cAIber - INFO - Assessing indicator: New Wave of SquidLoader Malware Targeting Financial Institutions
2025-08-20 22:57:16,440 - cAIber - INFO - Assessing indicator: New Wave of SquidLoader Malware Targeting Financial Institutions
2025-08-20 22:57:26,515 - cAIber - INFO - Completed autonomous assessment: 0 risks identified
2025-08-20 23:24:27,610 - cAIber - INFO - Initializing Autonomous Correlation Agent
2025-08-20 23:24:27,631 - cAIber - WARNING - Neo4j not available, using mock data: Unable to retrieve routing information
2025-08-20 23:24:27,647 - cAIber - INFO - Starting autonomous threat correlation
2025-08-20 23:24:27,647 - cAIber - INFO - Assessing indicator: New Wave of SquidLoader Malware Targeting Financial Institutions
2025-08-20 23:24:39,559 - cAIber - INFO - Assessing indicator: New Wave of SquidLoader Malware Targeting Financial Institutions
2025-08-20 23:24:47,104 - cAIber - INFO - Assessing indicator: New Wave of SquidLoader Malware Targeting Financial Institutions
2025-08-20 23:25:00,794 - cAIber - INFO - Assessing indicator: New Wave of SquidLoader Malware Targeting Financial Institutions
2025-08-20 23:25:13,284 - cAIber - INFO - Assessing indicator: New Wave of SquidLoader Malware Targeting Financial Institutions
2025-08-20 23:25:19,152 - cAIber - INFO - Completed autonomous assessment: 0 risks identified
2025-08-20 23:45:27,419 - cAIber - INFO - Initializing Autonomous Correlation Agent
2025-08-20 23:45:27,442 - cAIber - WARNING - Neo4j not available, using mock data: Unable to retrieve routing information
2025-08-20 23:45:27,459 - cAIber - INFO - Starting autonomous threat correlation
2025-08-20 23:45:27,459 - cAIber - INFO - Assessing indicator: New Wave of SquidLoader Malware Targeting Financial Institutions
2025-08-20 23:45:35,451 - cAIber - INFO - Assessing indicator: New Wave of SquidLoader Malware Targeting Financial Institutions
2025-08-20 23:45:42,884 - cAIber - INFO - Assessing indicator: New Wave of SquidLoader Malware Targeting Financial Institutions
2025-08-20 23:45:49,692 - cAIber - INFO - Assessing indicator: New Wave of SquidLoader Malware Targeting Financial Institutions
2025-08-20 23:45:57,160 - cAIber - INFO - Assessing indicator: New Wave of SquidLoader Malware Targeting Financial Institutions
2025-08-20 23:46:03,808 - cAIber - INFO - Completed autonomous assessment: 0 risks identified
2025-08-20 23:55:32,803 - cAIber - INFO - Initializing Autonomous Correlation Agent
2025-08-20 23:55:32,826 - cAIber - WARNING - Neo4j not available, using mock data: Unable to retrieve routing information
2025-08-20 23:55:32,840 - cAIber - INFO - Starting autonomous threat correlation
2025-08-20 23:55:32,841 - cAIber - INFO - Assessing indicator: New Wave of SquidLoader Malware Targeting Financial Institutions
2025-08-20 23:55:38,150 - cAIber - INFO - Assessing indicator: New Wave of SquidLoader Malware Targeting Financial Institutions
2025-08-20 23:55:46,095 - cAIber - INFO - Assessing indicator: New Wave of SquidLoader Malware Targeting Financial Institutions
2025-08-20 23:56:05,677 - cAIber - INFO - Assessing indicator: New Wave of SquidLoader Malware Targeting Financial Institutions
2025-08-20 23:56:13,726 - cAIber - INFO - Assessing indicator: New Wave of SquidLoader Malware Targeting Financial Institutions
2025-08-20 23:56:21,177 - cAIber - INFO - Completed autonomous assessment: 0 risks identified
